<?xml version="1.0" encoding="UTF-8"?>
<!-- Generated by org.testng.reporters.JUnitReportReporter -->
<testsuite hostname="DESKTOP-D6980MB" failures="0" tests="1" name="Com.TestLayer.LoginPageTestPF" time="12.358" errors="0" timestamp="2021-11-18T20:36:01 IST" skipped="0">
  <testcase classname="Com.TestLayer.LoginPageTestPF" name="LoginFunctionality" time="12.358"/>
  <system-out/>
</testsuite> <!-- Com.TestLayer.LoginPageTestPF -->
