<?xml version="1.0" encoding="UTF-8"?>
<!-- Generated by org.testng.reporters.JUnitReportReporter -->
<testsuite hostname="DESKTOP-D6980MB" failures="0" tests="1" name="Com.TestLayer.LoginPageTest" time="12.324" errors="0" timestamp="2021-09-29T16:40:15 IST" skipped="0">
  <testcase classname="Com.TestLayer.LoginPageTest" name="validateLoginFunctionality" time="12.324"/>
  <system-out/>
</testsuite> <!-- Com.TestLayer.LoginPageTest -->
