<?xml version="1.0" encoding="UTF-8"?>
<!-- Generated by org.testng.reporters.JUnitReportReporter -->
<testsuite hostname="DESKTOP-D6980MB" failures="0" tests="12" name="Com.TestLayer.ContactPageTest" time="29.594" errors="0" timestamp="2021-11-28T23:09:52 IST" skipped="0">
  <testcase classname="Com.TestLayer.ContactPageTest" name="validateLoginFuntionality" time="10.562"/>
  <system-out/>
  <testcase classname="Com.TestLayer.ContactPageTest" name="validateContactClick1" time="1.766"/>
  <system-out/>
  <testcase classname="Com.TestLayer.ContactPageTest" name="validateCreateButtonClick" time="6.948"/>
  <system-out/>
  <testcase classname="Com.TestLayer.ContactPageTest" name="TypeFirstName" time="1.002"/>
  <system-out/>
  <testcase classname="Com.TestLayer.ContactPageTest" name="typeMiddleName" time="0.953"/>
  <system-out/>
  <testcase classname="Com.TestLayer.ContactPageTest" name="typeLastName" time="1.052"/>
  <system-out/>
  <testcase classname="Com.TestLayer.ContactPageTest" name="typeCompanyName" time="0.420"/>
  <system-out/>
  <testcase classname="Com.TestLayer.ContactPageTest" name="CompanyTagClick" time="0.257"/>
  <system-out/>
  <testcase classname="Com.TestLayer.ContactPageTest" name="validateaccessButtonClick" time="0.441"/>
  <system-out/>
  <testcase classname="Com.TestLayer.ContactPageTest" name="typeDpText" time="0.330"/>
  <system-out/>
  <testcase classname="Com.TestLayer.ContactPageTest" name="validateDpTagClick" time="0.299"/>
  <system-out/>
  <testcase classname="Com.TestLayer.ContactPageTest" name="validatesaveButtonClick" time="5.564"/>
  <system-out/>
</testsuite> <!-- Com.TestLayer.ContactPageTest -->
